<?xml version="1.0" encoding="UTF-8"?>
<testng-results skipped="0" failed="0" ignored="0" total="2" passed="2">
  <reporter-output>
  </reporter-output>
  <suite name="Default suite" duration-ms="51" started-at="2017-06-30T01:33:05Z" finished-at="2017-06-30T01:33:05Z">
    <groups>
    </groups>
    <test name="Default test" duration-ms="51" started-at="2017-06-30T01:33:05Z" finished-at="2017-06-30T01:33:05Z">
      <class name="com.maven.testngmaven">
        <test-method status="PASS" signature="login()[pri:0, instance:com.maven.testngmaven@3c756e4d]" name="login" duration-ms="14" started-at="2017-06-29T21:33:05Z" finished-at="2017-06-29T21:33:05Z">
          <reporter-output>
          </reporter-output>
        </test-method> <!-- login -->
        <test-method status="PASS" signature="logout()[pri:0, instance:com.maven.testngmaven@3c756e4d]" name="logout" duration-ms="7" started-at="2017-06-29T21:33:05Z" finished-at="2017-06-29T21:33:05Z">
          <reporter-output>
          </reporter-output>
        </test-method> <!-- logout -->
      </class> <!-- com.maven.testngmaven -->
    </test> <!-- Default test -->
  </suite> <!-- Default suite -->
</testng-results>
